<?xml version="1.0" encoding="UTF-8"?>
<!-- Generated by org.testng.reporters.JUnitReportReporter -->
<testsuite hostname="DESKTOP-HU32N3R" failures="0" tests="1" name="com.edureka.Runner.Tc_004_BrokenLinks" time="150.908" errors="0" timestamp="2022-06-10T20:29:49 IST" skipped="0">
  <testcase classname="com.edureka.Runner.Tc_004_BrokenLinks" name="Case3" time="150.908"/>
  <system-out/>
</testsuite> <!-- com.edureka.Runner.Tc_004_BrokenLinks -->
