<?xml version="1.0" encoding="UTF-8"?>
<!-- Generated by org.testng.reporters.JUnitReportReporter -->
<testsuite hostname="DESKTOP-HU32N3R" failures="0" tests="1" name="com.edureka.Runner.Tc_002_FlightBooking" time="42.341" errors="0" timestamp="2022-06-11T13:38:49 IST" skipped="0">
  <testcase classname="com.edureka.Runner.Tc_002_FlightBooking" name="Case2" time="42.341"/>
  <system-out/>
</testsuite> <!-- com.edureka.Runner.Tc_002_FlightBooking -->
