<?xml version="1.0" encoding="UTF-8"?>
<!-- Generated by org.testng.reporters.JUnitReportReporter -->
<testsuite hostname="DESKTOP-HU32N3R" failures="0" tests="1" name="com.edureka.Runner.Tc_001_Register" time="21.516" errors="0" timestamp="2022-06-11T13:56:02 IST" skipped="0">
  <testcase classname="com.edureka.Runner.Tc_001_Register" name="Case1" time="21.516"/>
  <system-out/>
</testsuite> <!-- com.edureka.Runner.Tc_001_Register -->
